<!DOCTYPE html PUBLIC "-//W3C//DTD XHTML 1.1//EN" "http://www.w3.org/TR/xhtml11/DTD/xhtml11.dtd">
<html xmlns="http://www.w3.org/1999/xhtml">
<head>
<meta http-equiv="content-type" content="text/html; charset=UTF-8"/>
<title>TestNG Report</title>
<style type="text/css">table {margin-bottom:10px;border-collapse:collapse;empty-cells:show}th,td {border:1px solid #009;padding:.25em .5em}th {vertical-align:bottom}td {vertical-align:top}table a {font-weight:bold}.stripe td {background-color: #E6EBF9}.num {text-align:right}.passedodd td {background-color: #3F3}.passedeven td {background-color: #0A0}.skippedodd td {background-color: #DDD}.skippedeven td {background-color: #CCC}.failedodd td,.attn {background-color: #F33}.failedeven td,.stripe .attn {background-color: #D00}.stacktrace {white-space:pre;font-family:monospace}.totop {font-size:85%;text-align:center;border-bottom:2px solid #000}.invisible {display:none}</style>
</head>
<body>
<table>
<tr><th>Test</th><th># Passed</th><th># Skipped</th><th># Failed</th><th>Time (ms)</th><th>Included Groups</th><th>Excluded Groups</th></tr>
<tr><th colspan="7">Health Union</th></tr>
<tr><td><a href="#t0">United Health Care</a></td><td class="num">0</td><td class="num attn">13</td><td class="num">0</td><td class="num">109</td><td></td><td></td></tr>
</table>
<table id='summary'><thead><tr><th>Class</th><th>Method</th><th>Start</th><th>Time (ms)</th></tr></thead><tbody><tr><th colspan="4">Health Union</th></tr></tbody><tbody id="t0"><tr><th colspan="4">United Health Care &#8212; failed (configuration methods)</th></tr><tr class="failedeven"><td rowspan="1">TestHomePckg.TestHomePage</td><td><a href="#m0">setUp</a></td><td rowspan="1">1525793491408</td><td rowspan="1">54</td></tr><tr><th colspan="4">United Health Care &#8212; skipped (configuration methods)</th></tr><tr class="skippedeven"><td rowspan="45">TestHomePckg.TestHomePage</td><td><a href="#m1">afterEachTestMethod</a></td><td rowspan="9">1525793491491</td><td rowspan="9">0</td></tr><tr class="skippedeven"><td><a href="#m2">afterEachTestMethod</a></td></tr><tr class="skippedeven"><td><a href="#m3">afterEachTestMethod</a></td></tr><tr class="skippedeven"><td><a href="#m4">afterEachTestMethod</a></td></tr><tr class="skippedeven"><td><a href="#m5">afterEachTestMethod</a></td></tr><tr class="skippedeven"><td><a href="#m6">afterEachTestMethod</a></td></tr><tr class="skippedeven"><td><a href="#m7">afterEachTestMethod</a></td></tr><tr class="skippedeven"><td><a href="#m8">afterEachTestMethod</a></td></tr><tr class="skippedeven"><td><a href="#m9">afterEachTestMethod</a></td></tr><tr class="skippedeven"><td><a href="#m10">cleanUp</a></td><td rowspan="9">1525793491491</td><td rowspan="9">0</td></tr><tr class="skippedeven"><td><a href="#m11">cleanUp</a></td></tr><tr class="skippedeven"><td><a href="#m12">cleanUp</a></td></tr><tr class="skippedeven"><td><a href="#m13">cleanUp</a></td></tr><tr class="skippedeven"><td><a href="#m14">cleanUp</a></td></tr><tr class="skippedeven"><td><a href="#m15">cleanUp</a></td></tr><tr class="skippedeven"><td><a href="#m16">cleanUp</a></td></tr><tr class="skippedeven"><td><a href="#m17">cleanUp</a></td></tr><tr class="skippedeven"><td><a href="#m18">cleanUp</a></td></tr><tr class="skippedeven"><td><a href="#m19">generateReport</a></td><td rowspan="1">1525793491561</td><td rowspan="1">0</td></tr><tr class="skippedeven"><td><a href="#m20">initialization</a></td><td rowspan="9">1525793491489</td><td rowspan="9">0</td></tr><tr class="skippedeven"><td><a href="#m21">initialization</a></td></tr><tr class="skippedeven"><td><a href="#m22">initialization</a></td></tr><tr class="skippedeven"><td><a href="#m23">initialization</a></td></tr><tr class="skippedeven"><td><a href="#m24">initialization</a></td></tr><tr class="skippedeven"><td><a href="#m25">initialization</a></td></tr><tr class="skippedeven"><td><a href="#m26">initialization</a></td></tr><tr class="skippedeven"><td><a href="#m27">initialization</a></td></tr><tr class="skippedeven"><td><a href="#m28">initialization</a></td></tr><tr class="skippedeven"><td><a href="#m29">setUp</a></td><td rowspan="8">1525793491490</td><td rowspan="8">0</td></tr><tr class="skippedeven"><td><a href="#m30">setUp</a></td></tr><tr class="skippedeven"><td><a href="#m31">setUp</a></td></tr><tr class="skippedeven"><td><a href="#m32">setUp</a></td></tr><tr class="skippedeven"><td><a href="#m33">setUp</a></td></tr><tr class="skippedeven"><td><a href="#m34">setUp</a></td></tr><tr class="skippedeven"><td><a href="#m35">setUp</a></td></tr><tr class="skippedeven"><td><a href="#m36">setUp</a></td></tr><tr class="skippedeven"><td><a href="#m37">startExtent</a></td><td rowspan="9">1525793491488</td><td rowspan="9">0</td></tr><tr class="skippedeven"><td><a href="#m38">startExtent</a></td></tr><tr class="skippedeven"><td><a href="#m39">startExtent</a></td></tr><tr class="skippedeven"><td><a href="#m40">startExtent</a></td></tr><tr class="skippedeven"><td><a href="#m41">startExtent</a></td></tr><tr class="skippedeven"><td><a href="#m42">startExtent</a></td></tr><tr class="skippedeven"><td><a href="#m43">startExtent</a></td></tr><tr class="skippedeven"><td><a href="#m44">startExtent</a></td></tr><tr class="skippedeven"><td><a href="#m45">startExtent</a></td></tr><tr class="skippedodd"><td rowspan="8">TestHomePckg.TestInsurancePlan</td><td><a href="#m46">afterEachTestMethod</a></td><td rowspan="2">1525793491494</td><td rowspan="2">0</td></tr><tr class="skippedodd"><td><a href="#m47">afterEachTestMethod</a></td></tr><tr class="skippedodd"><td><a href="#m48">cleanUp</a></td><td rowspan="2">1525793491500</td><td rowspan="2">0</td></tr><tr class="skippedodd"><td><a href="#m49">cleanUp</a></td></tr><tr class="skippedodd"><td><a href="#m50">setUp</a></td><td rowspan="2">1525793491494</td><td rowspan="2">0</td></tr><tr class="skippedodd"><td><a href="#m51">setUp</a></td></tr><tr class="skippedodd"><td><a href="#m52">startExtent</a></td><td rowspan="2">1525793491497</td><td rowspan="2">0</td></tr><tr class="skippedodd"><td><a href="#m53">startExtent</a></td></tr><tr class="skippedeven"><td rowspan="4">TestHomePckg.TestRegistrationPage</td><td><a href="#m54">afterEachTestMethod</a></td><td rowspan="1">1525793491502</td><td rowspan="1">0</td></tr><tr class="skippedeven"><td><a href="#m55">cleanUp</a></td><td rowspan="1">1525793491502</td><td rowspan="1">0</td></tr><tr class="skippedeven"><td><a href="#m56">setUp</a></td><td rowspan="1">1525793491501</td><td rowspan="1">0</td></tr><tr class="skippedeven"><td><a href="#m57">startExtent</a></td><td rowspan="1">1525793491501</td><td rowspan="1">0</td></tr><tr class="skippedodd"><td rowspan="5">TestHomePckg.TestSearchItems</td><td><a href="#m58">afterEachTestMethod</a></td><td rowspan="1">1525793491505</td><td rowspan="1">0</td></tr><tr class="skippedodd"><td><a href="#m59">cleanUp</a></td><td rowspan="1">1525793491505</td><td rowspan="1">0</td></tr><tr class="skippedodd"><td><a href="#m60">initialization</a></td><td rowspan="1">1525793491504</td><td rowspan="1">0</td></tr><tr class="skippedodd"><td><a href="#m61">setUp</a></td><td rowspan="1">1525793491503</td><td rowspan="1">0</td></tr><tr class="skippedodd"><td><a href="#m62">startExtent</a></td><td rowspan="1">1525793491503</td><td rowspan="1">0</td></tr><tr><th colspan="4">United Health Care &#8212; skipped</th></tr><tr class="skippedeven"><td rowspan="9">TestHomePckg.TestHomePage</td><td><a href="#m63">ShopForInsurance</a></td><td rowspan="1">1525793491496</td><td rowspan="1">0</td></tr><tr class="skippedeven"><td><a href="#m64">TestAvailablePlans</a></td><td rowspan="1">1525793491489</td><td rowspan="1">0</td></tr><tr class="skippedeven"><td><a href="#m65">TestHealthlink</a></td><td rowspan="1">1525793491491</td><td rowspan="1">0</td></tr><tr class="skippedeven"><td><a href="#m66">TestPhoneNUMBER</a></td><td rowspan="1">1525793491492</td><td rowspan="1">0</td></tr><tr class="skippedeven"><td><a href="#m67">TestSearchByCode</a></td><td rowspan="1">1525793491487</td><td rowspan="1">0</td></tr><tr class="skippedeven"><td><a href="#m68">TestSearchPlan</a></td><td rowspan="1">1525793491484</td><td rowspan="1">0</td></tr><tr class="skippedeven"><td><a href="#m69">TestTitleVerification</a></td><td rowspan="1">1525793491474</td><td rowspan="1">0</td></tr><tr class="skippedeven"><td><a href="#m70">TestURL</a></td><td rowspan="1">1525793491470</td><td rowspan="1">0</td></tr><tr class="skippedeven"><td><a href="#m71">Testlink</a></td><td rowspan="1">1525793491482</td><td rowspan="1">0</td></tr><tr class="skippedodd"><td rowspan="2">TestHomePckg.TestInsurancePlan</td><td><a href="#m72">TestAvailablePlan</a></td><td rowspan="1">1525793491494</td><td rowspan="1">0</td></tr><tr class="skippedodd"><td><a href="#m73">TestHealthPlan</a></td><td rowspan="1">1525793491498</td><td rowspan="1">0</td></tr><tr class="skippedeven"><td rowspan="1">TestHomePckg.TestRegistrationPage</td><td><a href="#m74">TestRegistration</a></td><td rowspan="1">1525793491502</td><td rowspan="1">0</td></tr><tr class="skippedodd"><td rowspan="1">TestHomePckg.TestSearchItems</td><td><a href="#m75">verifyDataReaderExcel</a></td><td rowspan="1">1525793491504</td><td rowspan="1">0</td></tr></tbody>
</table>
<h2>United Health Care</h2><h3 id="m0">TestHomePckg.TestHomePage#setUp</h3><table class="result"><tr class="param"><th>Parameter #1</th><th>Parameter #2</th><th>Parameter #3</th><th>Parameter #4</th><th>Parameter #5</th><th>Parameter #6</th><th>Parameter #7</th></tr><tr class="param stripe"><td>false</td><td>browserstack</td><td>mac</td><td>Sierra</td><td>chrome</td><td>63.0</td><td>https://www.uhone.com/</td></tr><tr><th colspan="7">Exception</th></tr><tr><td colspan="7"><div class="stacktrace">java.lang.IllegalStateException: The driver executable does not exist: /Users/shafiqul/Testing Training/PeopleNTECHT/SeleniumTraining2018_March/WEB-AUTOMATION-FRAMEWORK/HealthInsurance/../Generic/driver/chromedriver
	at com.google.common.base.Preconditions.checkState(Preconditions.java:534)
	at org.openqa.selenium.remote.service.DriverService.checkExecutable(DriverService.java:136)
	at org.openqa.selenium.remote.service.DriverService.findExecutable(DriverService.java:131)
	at org.openqa.selenium.chrome.ChromeDriverService.access$000(ChromeDriverService.java:32)
	at org.openqa.selenium.chrome.ChromeDriverService$Builder.findDefaultExecutable(ChromeDriverService.java:137)
	at org.openqa.selenium.remote.service.DriverService$Builder.build(DriverService.java:339)
	at org.openqa.selenium.chrome.ChromeDriverService.createDefaultService(ChromeDriverService.java:88)
	at org.openqa.selenium.chrome.ChromeDriver.&lt;init&gt;(ChromeDriver.java:123)
	at base.CommonAPI.getLocalDriver(CommonAPI.java:139)
	at base.CommonAPI.setUp(CommonAPI.java:122)
... Removed 32 stack frames</div></td></tr></table><p class="totop"><a href="#summary">back to summary</a></p>
<h3 id="m1">TestHomePckg.TestHomePage#afterEachTestMethod</h3><table class="result"><tr><th class="invisible"/></tr></table><p class="totop"><a href="#summary">back to summary</a></p>
<h3 id="m2">TestHomePckg.TestHomePage#afterEachTestMethod</h3><table class="result"><tr><th class="invisible"/></tr></table><p class="totop"><a href="#summary">back to summary</a></p>
<h3 id="m3">TestHomePckg.TestHomePage#afterEachTestMethod</h3><table class="result"><tr><th class="invisible"/></tr></table><p class="totop"><a href="#summary">back to summary</a></p>
<h3 id="m4">TestHomePckg.TestHomePage#afterEachTestMethod</h3><table class="result"><tr><th class="invisible"/></tr></table><p class="totop"><a href="#summary">back to summary</a></p>
<h3 id="m5">TestHomePckg.TestHomePage#afterEachTestMethod</h3><table class="result"><tr><th class="invisible"/></tr></table><p class="totop"><a href="#summary">back to summary</a></p>
<h3 id="m6">TestHomePckg.TestHomePage#afterEachTestMethod</h3><table class="result"><tr><th class="invisible"/></tr></table><p class="totop"><a href="#summary">back to summary</a></p>
<h3 id="m7">TestHomePckg.TestHomePage#afterEachTestMethod</h3><table class="result"><tr><th class="invisible"/></tr></table><p class="totop"><a href="#summary">back to summary</a></p>
<h3 id="m8">TestHomePckg.TestHomePage#afterEachTestMethod</h3><table class="result"><tr><th class="invisible"/></tr></table><p class="totop"><a href="#summary">back to summary</a></p>
<h3 id="m9">TestHomePckg.TestHomePage#afterEachTestMethod</h3><table class="result"><tr><th class="invisible"/></tr></table><p class="totop"><a href="#summary">back to summary</a></p>
<h3 id="m10">TestHomePckg.TestHomePage#cleanUp</h3><table class="result"><tr><th class="invisible"/></tr></table><p class="totop"><a href="#summary">back to summary</a></p>
<h3 id="m11">TestHomePckg.TestHomePage#cleanUp</h3><table class="result"><tr><th class="invisible"/></tr></table><p class="totop"><a href="#summary">back to summary</a></p>
<h3 id="m12">TestHomePckg.TestHomePage#cleanUp</h3><table class="result"><tr><th class="invisible"/></tr></table><p class="totop"><a href="#summary">back to summary</a></p>
<h3 id="m13">TestHomePckg.TestHomePage#cleanUp</h3><table class="result"><tr><th class="invisible"/></tr></table><p class="totop"><a href="#summary">back to summary</a></p>
<h3 id="m14">TestHomePckg.TestHomePage#cleanUp</h3><table class="result"><tr><th class="invisible"/></tr></table><p class="totop"><a href="#summary">back to summary</a></p>
<h3 id="m15">TestHomePckg.TestHomePage#cleanUp</h3><table class="result"><tr><th class="invisible"/></tr></table><p class="totop"><a href="#summary">back to summary</a></p>
<h3 id="m16">TestHomePckg.TestHomePage#cleanUp</h3><table class="result"><tr><th class="invisible"/></tr></table><p class="totop"><a href="#summary">back to summary</a></p>
<h3 id="m17">TestHomePckg.TestHomePage#cleanUp</h3><table class="result"><tr><th class="invisible"/></tr></table><p class="totop"><a href="#summary">back to summary</a></p>
<h3 id="m18">TestHomePckg.TestHomePage#cleanUp</h3><table class="result"><tr><th class="invisible"/></tr></table><p class="totop"><a href="#summary">back to summary</a></p>
<h3 id="m19">TestHomePckg.TestHomePage#generateReport</h3><table class="result"><tr><th class="invisible"/></tr></table><p class="totop"><a href="#summary">back to summary</a></p>
<h3 id="m20">TestHomePckg.TestHomePage#initialization</h3><table class="result"><tr><th class="invisible"/></tr></table><p class="totop"><a href="#summary">back to summary</a></p>
<h3 id="m21">TestHomePckg.TestHomePage#initialization</h3><table class="result"><tr><th class="invisible"/></tr></table><p class="totop"><a href="#summary">back to summary</a></p>
<h3 id="m22">TestHomePckg.TestHomePage#initialization</h3><table class="result"><tr><th class="invisible"/></tr></table><p class="totop"><a href="#summary">back to summary</a></p>
<h3 id="m23">TestHomePckg.TestHomePage#initialization</h3><table class="result"><tr><th class="invisible"/></tr></table><p class="totop"><a href="#summary">back to summary</a></p>
<h3 id="m24">TestHomePckg.TestHomePage#initialization</h3><table class="result"><tr><th class="invisible"/></tr></table><p class="totop"><a href="#summary">back to summary</a></p>
<h3 id="m25">TestHomePckg.TestHomePage#initialization</h3><table class="result"><tr><th class="invisible"/></tr></table><p class="totop"><a href="#summary">back to summary</a></p>
<h3 id="m26">TestHomePckg.TestHomePage#initialization</h3><table class="result"><tr><th class="invisible"/></tr></table><p class="totop"><a href="#summary">back to summary</a></p>
<h3 id="m27">TestHomePckg.TestHomePage#initialization</h3><table class="result"><tr><th class="invisible"/></tr></table><p class="totop"><a href="#summary">back to summary</a></p>
<h3 id="m28">TestHomePckg.TestHomePage#initialization</h3><table class="result"><tr><th class="invisible"/></tr></table><p class="totop"><a href="#summary">back to summary</a></p>
<h3 id="m29">TestHomePckg.TestHomePage#setUp</h3><table class="result"><tr><th class="invisible"/></tr></table><p class="totop"><a href="#summary">back to summary</a></p>
<h3 id="m30">TestHomePckg.TestHomePage#setUp</h3><table class="result"><tr><th class="invisible"/></tr></table><p class="totop"><a href="#summary">back to summary</a></p>
<h3 id="m31">TestHomePckg.TestHomePage#setUp</h3><table class="result"><tr><th class="invisible"/></tr></table><p class="totop"><a href="#summary">back to summary</a></p>
<h3 id="m32">TestHomePckg.TestHomePage#setUp</h3><table class="result"><tr><th class="invisible"/></tr></table><p class="totop"><a href="#summary">back to summary</a></p>
<h3 id="m33">TestHomePckg.TestHomePage#setUp</h3><table class="result"><tr><th class="invisible"/></tr></table><p class="totop"><a href="#summary">back to summary</a></p>
<h3 id="m34">TestHomePckg.TestHomePage#setUp</h3><table class="result"><tr><th class="invisible"/></tr></table><p class="totop"><a href="#summary">back to summary</a></p>
<h3 id="m35">TestHomePckg.TestHomePage#setUp</h3><table class="result"><tr><th class="invisible"/></tr></table><p class="totop"><a href="#summary">back to summary</a></p>
<h3 id="m36">TestHomePckg.TestHomePage#setUp</h3><table class="result"><tr><th class="invisible"/></tr></table><p class="totop"><a href="#summary">back to summary</a></p>
<h3 id="m37">TestHomePckg.TestHomePage#startExtent</h3><table class="result"><tr><th class="invisible"/></tr></table><p class="totop"><a href="#summary">back to summary</a></p>
<h3 id="m38">TestHomePckg.TestHomePage#startExtent</h3><table class="result"><tr><th class="invisible"/></tr></table><p class="totop"><a href="#summary">back to summary</a></p>
<h3 id="m39">TestHomePckg.TestHomePage#startExtent</h3><table class="result"><tr><th class="invisible"/></tr></table><p class="totop"><a href="#summary">back to summary</a></p>
<h3 id="m40">TestHomePckg.TestHomePage#startExtent</h3><table class="result"><tr><th class="invisible"/></tr></table><p class="totop"><a href="#summary">back to summary</a></p>
<h3 id="m41">TestHomePckg.TestHomePage#startExtent</h3><table class="result"><tr><th class="invisible"/></tr></table><p class="totop"><a href="#summary">back to summary</a></p>
<h3 id="m42">TestHomePckg.TestHomePage#startExtent</h3><table class="result"><tr><th class="invisible"/></tr></table><p class="totop"><a href="#summary">back to summary</a></p>
<h3 id="m43">TestHomePckg.TestHomePage#startExtent</h3><table class="result"><tr><th class="invisible"/></tr></table><p class="totop"><a href="#summary">back to summary</a></p>
<h3 id="m44">TestHomePckg.TestHomePage#startExtent</h3><table class="result"><tr><th class="invisible"/></tr></table><p class="totop"><a href="#summary">back to summary</a></p>
<h3 id="m45">TestHomePckg.TestHomePage#startExtent</h3><table class="result"><tr><th class="invisible"/></tr></table><p class="totop"><a href="#summary">back to summary</a></p>
<h3 id="m46">TestHomePckg.TestInsurancePlan#afterEachTestMethod</h3><table class="result"><tr><th class="invisible"/></tr></table><p class="totop"><a href="#summary">back to summary</a></p>
<h3 id="m47">TestHomePckg.TestInsurancePlan#afterEachTestMethod</h3><table class="result"><tr><th class="invisible"/></tr></table><p class="totop"><a href="#summary">back to summary</a></p>
<h3 id="m48">TestHomePckg.TestInsurancePlan#cleanUp</h3><table class="result"><tr><th class="invisible"/></tr></table><p class="totop"><a href="#summary">back to summary</a></p>
<h3 id="m49">TestHomePckg.TestInsurancePlan#cleanUp</h3><table class="result"><tr><th class="invisible"/></tr></table><p class="totop"><a href="#summary">back to summary</a></p>
<h3 id="m50">TestHomePckg.TestInsurancePlan#setUp</h3><table class="result"><tr><th class="invisible"/></tr></table><p class="totop"><a href="#summary">back to summary</a></p>
<h3 id="m51">TestHomePckg.TestInsurancePlan#setUp</h3><table class="result"><tr><th class="invisible"/></tr></table><p class="totop"><a href="#summary">back to summary</a></p>
<h3 id="m52">TestHomePckg.TestInsurancePlan#startExtent</h3><table class="result"><tr><th class="invisible"/></tr></table><p class="totop"><a href="#summary">back to summary</a></p>
<h3 id="m53">TestHomePckg.TestInsurancePlan#startExtent</h3><table class="result"><tr><th class="invisible"/></tr></table><p class="totop"><a href="#summary">back to summary</a></p>
<h3 id="m54">TestHomePckg.TestRegistrationPage#afterEachTestMethod</h3><table class="result"><tr><th class="invisible"/></tr></table><p class="totop"><a href="#summary">back to summary</a></p>
<h3 id="m55">TestHomePckg.TestRegistrationPage#cleanUp</h3><table class="result"><tr><th class="invisible"/></tr></table><p class="totop"><a href="#summary">back to summary</a></p>
<h3 id="m56">TestHomePckg.TestRegistrationPage#setUp</h3><table class="result"><tr><th class="invisible"/></tr></table><p class="totop"><a href="#summary">back to summary</a></p>
<h3 id="m57">TestHomePckg.TestRegistrationPage#startExtent</h3><table class="result"><tr><th class="invisible"/></tr></table><p class="totop"><a href="#summary">back to summary</a></p>
<h3 id="m58">TestHomePckg.TestSearchItems#afterEachTestMethod</h3><table class="result"><tr><th class="invisible"/></tr></table><p class="totop"><a href="#summary">back to summary</a></p>
<h3 id="m59">TestHomePckg.TestSearchItems#cleanUp</h3><table class="result"><tr><th class="invisible"/></tr></table><p class="totop"><a href="#summary">back to summary</a></p>
<h3 id="m60">TestHomePckg.TestSearchItems#initialization</h3><table class="result"><tr><th class="invisible"/></tr></table><p class="totop"><a href="#summary">back to summary</a></p>
<h3 id="m61">TestHomePckg.TestSearchItems#setUp</h3><table class="result"><tr><th class="invisible"/></tr></table><p class="totop"><a href="#summary">back to summary</a></p>
<h3 id="m62">TestHomePckg.TestSearchItems#startExtent</h3><table class="result"><tr><th class="invisible"/></tr></table><p class="totop"><a href="#summary">back to summary</a></p>
<h3 id="m63">TestHomePckg.TestHomePage#ShopForInsurance</h3><table class="result"><tr><th>Exception</th></tr><tr><td><div class="stacktrace">java.lang.IllegalStateException: The driver executable does not exist: /Users/shafiqul/Testing Training/PeopleNTECHT/SeleniumTraining2018_March/WEB-AUTOMATION-FRAMEWORK/HealthInsurance/../Generic/driver/chromedriver
	at com.google.common.base.Preconditions.checkState(Preconditions.java:534)
	at org.openqa.selenium.remote.service.DriverService.checkExecutable(DriverService.java:136)
	at org.openqa.selenium.remote.service.DriverService.findExecutable(DriverService.java:131)
	at org.openqa.selenium.chrome.ChromeDriverService.access$000(ChromeDriverService.java:32)
	at org.openqa.selenium.chrome.ChromeDriverService$Builder.findDefaultExecutable(ChromeDriverService.java:137)
	at org.openqa.selenium.remote.service.DriverService$Builder.build(DriverService.java:339)
	at org.openqa.selenium.chrome.ChromeDriverService.createDefaultService(ChromeDriverService.java:88)
	at org.openqa.selenium.chrome.ChromeDriver.&lt;init&gt;(ChromeDriver.java:123)
	at base.CommonAPI.getLocalDriver(CommonAPI.java:139)
	at base.CommonAPI.setUp(CommonAPI.java:122)
... Removed 32 stack frames</div></td></tr></table><p class="totop"><a href="#summary">back to summary</a></p>
<h3 id="m64">TestHomePckg.TestHomePage#TestAvailablePlans</h3><table class="result"><tr><th>Exception</th></tr><tr><td><div class="stacktrace">java.lang.IllegalStateException: The driver executable does not exist: /Users/shafiqul/Testing Training/PeopleNTECHT/SeleniumTraining2018_March/WEB-AUTOMATION-FRAMEWORK/HealthInsurance/../Generic/driver/chromedriver
	at com.google.common.base.Preconditions.checkState(Preconditions.java:534)
	at org.openqa.selenium.remote.service.DriverService.checkExecutable(DriverService.java:136)
	at org.openqa.selenium.remote.service.DriverService.findExecutable(DriverService.java:131)
	at org.openqa.selenium.chrome.ChromeDriverService.access$000(ChromeDriverService.java:32)
	at org.openqa.selenium.chrome.ChromeDriverService$Builder.findDefaultExecutable(ChromeDriverService.java:137)
	at org.openqa.selenium.remote.service.DriverService$Builder.build(DriverService.java:339)
	at org.openqa.selenium.chrome.ChromeDriverService.createDefaultService(ChromeDriverService.java:88)
	at org.openqa.selenium.chrome.ChromeDriver.&lt;init&gt;(ChromeDriver.java:123)
	at base.CommonAPI.getLocalDriver(CommonAPI.java:139)
	at base.CommonAPI.setUp(CommonAPI.java:122)
... Removed 32 stack frames</div></td></tr></table><p class="totop"><a href="#summary">back to summary</a></p>
<h3 id="m65">TestHomePckg.TestHomePage#TestHealthlink</h3><table class="result"><tr><th>Exception</th></tr><tr><td><div class="stacktrace">java.lang.IllegalStateException: The driver executable does not exist: /Users/shafiqul/Testing Training/PeopleNTECHT/SeleniumTraining2018_March/WEB-AUTOMATION-FRAMEWORK/HealthInsurance/../Generic/driver/chromedriver
	at com.google.common.base.Preconditions.checkState(Preconditions.java:534)
	at org.openqa.selenium.remote.service.DriverService.checkExecutable(DriverService.java:136)
	at org.openqa.selenium.remote.service.DriverService.findExecutable(DriverService.java:131)
	at org.openqa.selenium.chrome.ChromeDriverService.access$000(ChromeDriverService.java:32)
	at org.openqa.selenium.chrome.ChromeDriverService$Builder.findDefaultExecutable(ChromeDriverService.java:137)
	at org.openqa.selenium.remote.service.DriverService$Builder.build(DriverService.java:339)
	at org.openqa.selenium.chrome.ChromeDriverService.createDefaultService(ChromeDriverService.java:88)
	at org.openqa.selenium.chrome.ChromeDriver.&lt;init&gt;(ChromeDriver.java:123)
	at base.CommonAPI.getLocalDriver(CommonAPI.java:139)
	at base.CommonAPI.setUp(CommonAPI.java:122)
... Removed 32 stack frames</div></td></tr></table><p class="totop"><a href="#summary">back to summary</a></p>
<h3 id="m66">TestHomePckg.TestHomePage#TestPhoneNUMBER</h3><table class="result"><tr><th>Exception</th></tr><tr><td><div class="stacktrace">java.lang.IllegalStateException: The driver executable does not exist: /Users/shafiqul/Testing Training/PeopleNTECHT/SeleniumTraining2018_March/WEB-AUTOMATION-FRAMEWORK/HealthInsurance/../Generic/driver/chromedriver
	at com.google.common.base.Preconditions.checkState(Preconditions.java:534)
	at org.openqa.selenium.remote.service.DriverService.checkExecutable(DriverService.java:136)
	at org.openqa.selenium.remote.service.DriverService.findExecutable(DriverService.java:131)
	at org.openqa.selenium.chrome.ChromeDriverService.access$000(ChromeDriverService.java:32)
	at org.openqa.selenium.chrome.ChromeDriverService$Builder.findDefaultExecutable(ChromeDriverService.java:137)
	at org.openqa.selenium.remote.service.DriverService$Builder.build(DriverService.java:339)
	at org.openqa.selenium.chrome.ChromeDriverService.createDefaultService(ChromeDriverService.java:88)
	at org.openqa.selenium.chrome.ChromeDriver.&lt;init&gt;(ChromeDriver.java:123)
	at base.CommonAPI.getLocalDriver(CommonAPI.java:139)
	at base.CommonAPI.setUp(CommonAPI.java:122)
... Removed 32 stack frames</div></td></tr></table><p class="totop"><a href="#summary">back to summary</a></p>
<h3 id="m67">TestHomePckg.TestHomePage#TestSearchByCode</h3><table class="result"><tr><th>Exception</th></tr><tr><td><div class="stacktrace">java.lang.IllegalStateException: The driver executable does not exist: /Users/shafiqul/Testing Training/PeopleNTECHT/SeleniumTraining2018_March/WEB-AUTOMATION-FRAMEWORK/HealthInsurance/../Generic/driver/chromedriver
	at com.google.common.base.Preconditions.checkState(Preconditions.java:534)
	at org.openqa.selenium.remote.service.DriverService.checkExecutable(DriverService.java:136)
	at org.openqa.selenium.remote.service.DriverService.findExecutable(DriverService.java:131)
	at org.openqa.selenium.chrome.ChromeDriverService.access$000(ChromeDriverService.java:32)
	at org.openqa.selenium.chrome.ChromeDriverService$Builder.findDefaultExecutable(ChromeDriverService.java:137)
	at org.openqa.selenium.remote.service.DriverService$Builder.build(DriverService.java:339)
	at org.openqa.selenium.chrome.ChromeDriverService.createDefaultService(ChromeDriverService.java:88)
	at org.openqa.selenium.chrome.ChromeDriver.&lt;init&gt;(ChromeDriver.java:123)
	at base.CommonAPI.getLocalDriver(CommonAPI.java:139)
	at base.CommonAPI.setUp(CommonAPI.java:122)
... Removed 32 stack frames</div></td></tr></table><p class="totop"><a href="#summary">back to summary</a></p>
<h3 id="m68">TestHomePckg.TestHomePage#TestSearchPlan</h3><table class="result"><tr><th>Exception</th></tr><tr><td><div class="stacktrace">java.lang.IllegalStateException: The driver executable does not exist: /Users/shafiqul/Testing Training/PeopleNTECHT/SeleniumTraining2018_March/WEB-AUTOMATION-FRAMEWORK/HealthInsurance/../Generic/driver/chromedriver
	at com.google.common.base.Preconditions.checkState(Preconditions.java:534)
	at org.openqa.selenium.remote.service.DriverService.checkExecutable(DriverService.java:136)
	at org.openqa.selenium.remote.service.DriverService.findExecutable(DriverService.java:131)
	at org.openqa.selenium.chrome.ChromeDriverService.access$000(ChromeDriverService.java:32)
	at org.openqa.selenium.chrome.ChromeDriverService$Builder.findDefaultExecutable(ChromeDriverService.java:137)
	at org.openqa.selenium.remote.service.DriverService$Builder.build(DriverService.java:339)
	at org.openqa.selenium.chrome.ChromeDriverService.createDefaultService(ChromeDriverService.java:88)
	at org.openqa.selenium.chrome.ChromeDriver.&lt;init&gt;(ChromeDriver.java:123)
	at base.CommonAPI.getLocalDriver(CommonAPI.java:139)
	at base.CommonAPI.setUp(CommonAPI.java:122)
... Removed 32 stack frames</div></td></tr></table><p class="totop"><a href="#summary">back to summary</a></p>
<h3 id="m69">TestHomePckg.TestHomePage#TestTitleVerification</h3><table class="result"><tr><th>Exception</th></tr><tr><td><div class="stacktrace">java.lang.IllegalStateException: The driver executable does not exist: /Users/shafiqul/Testing Training/PeopleNTECHT/SeleniumTraining2018_March/WEB-AUTOMATION-FRAMEWORK/HealthInsurance/../Generic/driver/chromedriver
	at com.google.common.base.Preconditions.checkState(Preconditions.java:534)
	at org.openqa.selenium.remote.service.DriverService.checkExecutable(DriverService.java:136)
	at org.openqa.selenium.remote.service.DriverService.findExecutable(DriverService.java:131)
	at org.openqa.selenium.chrome.ChromeDriverService.access$000(ChromeDriverService.java:32)
	at org.openqa.selenium.chrome.ChromeDriverService$Builder.findDefaultExecutable(ChromeDriverService.java:137)
	at org.openqa.selenium.remote.service.DriverService$Builder.build(DriverService.java:339)
	at org.openqa.selenium.chrome.ChromeDriverService.createDefaultService(ChromeDriverService.java:88)
	at org.openqa.selenium.chrome.ChromeDriver.&lt;init&gt;(ChromeDriver.java:123)
	at base.CommonAPI.getLocalDriver(CommonAPI.java:139)
	at base.CommonAPI.setUp(CommonAPI.java:122)
... Removed 32 stack frames</div></td></tr></table><p class="totop"><a href="#summary">back to summary</a></p>
<h3 id="m70">TestHomePckg.TestHomePage#TestURL</h3><table class="result"><tr><th>Exception</th></tr><tr><td><div class="stacktrace">java.lang.IllegalStateException: The driver executable does not exist: /Users/shafiqul/Testing Training/PeopleNTECHT/SeleniumTraining2018_March/WEB-AUTOMATION-FRAMEWORK/HealthInsurance/../Generic/driver/chromedriver
	at com.google.common.base.Preconditions.checkState(Preconditions.java:534)
	at org.openqa.selenium.remote.service.DriverService.checkExecutable(DriverService.java:136)
	at org.openqa.selenium.remote.service.DriverService.findExecutable(DriverService.java:131)
	at org.openqa.selenium.chrome.ChromeDriverService.access$000(ChromeDriverService.java:32)
	at org.openqa.selenium.chrome.ChromeDriverService$Builder.findDefaultExecutable(ChromeDriverService.java:137)
	at org.openqa.selenium.remote.service.DriverService$Builder.build(DriverService.java:339)
	at org.openqa.selenium.chrome.ChromeDriverService.createDefaultService(ChromeDriverService.java:88)
	at org.openqa.selenium.chrome.ChromeDriver.&lt;init&gt;(ChromeDriver.java:123)
	at base.CommonAPI.getLocalDriver(CommonAPI.java:139)
	at base.CommonAPI.setUp(CommonAPI.java:122)
... Removed 32 stack frames</div></td></tr></table><p class="totop"><a href="#summary">back to summary</a></p>
<h3 id="m71">TestHomePckg.TestHomePage#Testlink</h3><table class="result"><tr><th>Exception</th></tr><tr><td><div class="stacktrace">java.lang.IllegalStateException: The driver executable does not exist: /Users/shafiqul/Testing Training/PeopleNTECHT/SeleniumTraining2018_March/WEB-AUTOMATION-FRAMEWORK/HealthInsurance/../Generic/driver/chromedriver
	at com.google.common.base.Preconditions.checkState(Preconditions.java:534)
	at org.openqa.selenium.remote.service.DriverService.checkExecutable(DriverService.java:136)
	at org.openqa.selenium.remote.service.DriverService.findExecutable(DriverService.java:131)
	at org.openqa.selenium.chrome.ChromeDriverService.access$000(ChromeDriverService.java:32)
	at org.openqa.selenium.chrome.ChromeDriverService$Builder.findDefaultExecutable(ChromeDriverService.java:137)
	at org.openqa.selenium.remote.service.DriverService$Builder.build(DriverService.java:339)
	at org.openqa.selenium.chrome.ChromeDriverService.createDefaultService(ChromeDriverService.java:88)
	at org.openqa.selenium.chrome.ChromeDriver.&lt;init&gt;(ChromeDriver.java:123)
	at base.CommonAPI.getLocalDriver(CommonAPI.java:139)
	at base.CommonAPI.setUp(CommonAPI.java:122)
... Removed 32 stack frames</div></td></tr></table><p class="totop"><a href="#summary">back to summary</a></p>
<h3 id="m72">TestHomePckg.TestInsurancePlan#TestAvailablePlan</h3><table class="result"><tr><th>Exception</th></tr><tr><td><div class="stacktrace">java.lang.IllegalStateException: The driver executable does not exist: /Users/shafiqul/Testing Training/PeopleNTECHT/SeleniumTraining2018_March/WEB-AUTOMATION-FRAMEWORK/HealthInsurance/../Generic/driver/chromedriver
	at com.google.common.base.Preconditions.checkState(Preconditions.java:534)
	at org.openqa.selenium.remote.service.DriverService.checkExecutable(DriverService.java:136)
	at org.openqa.selenium.remote.service.DriverService.findExecutable(DriverService.java:131)
	at org.openqa.selenium.chrome.ChromeDriverService.access$000(ChromeDriverService.java:32)
	at org.openqa.selenium.chrome.ChromeDriverService$Builder.findDefaultExecutable(ChromeDriverService.java:137)
	at org.openqa.selenium.remote.service.DriverService$Builder.build(DriverService.java:339)
	at org.openqa.selenium.chrome.ChromeDriverService.createDefaultService(ChromeDriverService.java:88)
	at org.openqa.selenium.chrome.ChromeDriver.&lt;init&gt;(ChromeDriver.java:123)
	at base.CommonAPI.getLocalDriver(CommonAPI.java:139)
	at base.CommonAPI.setUp(CommonAPI.java:122)
... Removed 32 stack frames</div></td></tr></table><p class="totop"><a href="#summary">back to summary</a></p>
<h3 id="m73">TestHomePckg.TestInsurancePlan#TestHealthPlan</h3><table class="result"><tr><th>Exception</th></tr><tr><td><div class="stacktrace">java.lang.IllegalStateException: The driver executable does not exist: /Users/shafiqul/Testing Training/PeopleNTECHT/SeleniumTraining2018_March/WEB-AUTOMATION-FRAMEWORK/HealthInsurance/../Generic/driver/chromedriver
	at com.google.common.base.Preconditions.checkState(Preconditions.java:534)
	at org.openqa.selenium.remote.service.DriverService.checkExecutable(DriverService.java:136)
	at org.openqa.selenium.remote.service.DriverService.findExecutable(DriverService.java:131)
	at org.openqa.selenium.chrome.ChromeDriverService.access$000(ChromeDriverService.java:32)
	at org.openqa.selenium.chrome.ChromeDriverService$Builder.findDefaultExecutable(ChromeDriverService.java:137)
	at org.openqa.selenium.remote.service.DriverService$Builder.build(DriverService.java:339)
	at org.openqa.selenium.chrome.ChromeDriverService.createDefaultService(ChromeDriverService.java:88)
	at org.openqa.selenium.chrome.ChromeDriver.&lt;init&gt;(ChromeDriver.java:123)
	at base.CommonAPI.getLocalDriver(CommonAPI.java:139)
	at base.CommonAPI.setUp(CommonAPI.java:122)
... Removed 32 stack frames</div></td></tr></table><p class="totop"><a href="#summary">back to summary</a></p>
<h3 id="m74">TestHomePckg.TestRegistrationPage#TestRegistration</h3><table class="result"><tr><th>Exception</th></tr><tr><td><div class="stacktrace">java.lang.IllegalStateException: The driver executable does not exist: /Users/shafiqul/Testing Training/PeopleNTECHT/SeleniumTraining2018_March/WEB-AUTOMATION-FRAMEWORK/HealthInsurance/../Generic/driver/chromedriver
	at com.google.common.base.Preconditions.checkState(Preconditions.java:534)
	at org.openqa.selenium.remote.service.DriverService.checkExecutable(DriverService.java:136)
	at org.openqa.selenium.remote.service.DriverService.findExecutable(DriverService.java:131)
	at org.openqa.selenium.chrome.ChromeDriverService.access$000(ChromeDriverService.java:32)
	at org.openqa.selenium.chrome.ChromeDriverService$Builder.findDefaultExecutable(ChromeDriverService.java:137)
	at org.openqa.selenium.remote.service.DriverService$Builder.build(DriverService.java:339)
	at org.openqa.selenium.chrome.ChromeDriverService.createDefaultService(ChromeDriverService.java:88)
	at org.openqa.selenium.chrome.ChromeDriver.&lt;init&gt;(ChromeDriver.java:123)
	at base.CommonAPI.getLocalDriver(CommonAPI.java:139)
	at base.CommonAPI.setUp(CommonAPI.java:122)
... Removed 32 stack frames</div></td></tr></table><p class="totop"><a href="#summary">back to summary</a></p>
<h3 id="m75">TestHomePckg.TestSearchItems#verifyDataReaderExcel</h3><table class="result"><tr><th>Exception</th></tr><tr><td><div class="stacktrace">java.lang.IllegalStateException: The driver executable does not exist: /Users/shafiqul/Testing Training/PeopleNTECHT/SeleniumTraining2018_March/WEB-AUTOMATION-FRAMEWORK/HealthInsurance/../Generic/driver/chromedriver
	at com.google.common.base.Preconditions.checkState(Preconditions.java:534)
	at org.openqa.selenium.remote.service.DriverService.checkExecutable(DriverService.java:136)
	at org.openqa.selenium.remote.service.DriverService.findExecutable(DriverService.java:131)
	at org.openqa.selenium.chrome.ChromeDriverService.access$000(ChromeDriverService.java:32)
	at org.openqa.selenium.chrome.ChromeDriverService$Builder.findDefaultExecutable(ChromeDriverService.java:137)
	at org.openqa.selenium.remote.service.DriverService$Builder.build(DriverService.java:339)
	at org.openqa.selenium.chrome.ChromeDriverService.createDefaultService(ChromeDriverService.java:88)
	at org.openqa.selenium.chrome.ChromeDriver.&lt;init&gt;(ChromeDriver.java:123)
	at base.CommonAPI.getLocalDriver(CommonAPI.java:139)
	at base.CommonAPI.setUp(CommonAPI.java:122)
... Removed 32 stack frames</div></td></tr></table><p class="totop"><a href="#summary">back to summary</a></p>
</body>
</html>
